[debug] [2022-03-09T09:13:25.417Z] ----------------------------------------------------------------------
[debug] [2022-03-09T09:13:25.419Z] Command:       C:\Program Files\nodejs\node.exe C:\Users\Administrator\AppData\Roaming\npm\node_modules\firebase-tools\lib\bin\firebase.js init hosting
[debug] [2022-03-09T09:13:25.420Z] CLI Version:   10.1.5
[debug] [2022-03-09T09:13:25.420Z] Platform:      win32
[debug] [2022-03-09T09:13:25.420Z] Node Version:  v14.18.0
[debug] [2022-03-09T09:13:25.421Z] Time:          Wed Mar 09 2022 17:13:25 GMT+0800 (China Standard Time)
[debug] [2022-03-09T09:13:25.421Z] ----------------------------------------------------------------------
[debug] 
[debug] [2022-03-09T09:13:25.496Z] > command requires scopes: ["email","openid","https://www.googleapis.com/auth/cloudplatformprojects.readonly","https://www.googleapis.com/auth/firebase","https://www.googleapis.com/auth/cloud-platform"]
[debug] [2022-03-09T09:13:25.496Z] > authorizing via signed-in user (ronaldo888kgs@gmail.com)
[info] 
     ######## #### ########  ######## ########     ###     ######  ########
     ##        ##  ##     ## ##       ##     ##  ##   ##  ##       ##
     ######    ##  ########  ######   ########  #########  ######  ######
     ##        ##  ##    ##  ##       ##     ## ##     ##       ## ##
     ##       #### ##     ## ######## ########  ##     ##  ######  ########

You're about to initialize a Firebase project in this directory:

  D:\MyProject\skype\web\react\PlanetofCyborg (1)

Before we get started, keep in mind:

  * You are initializing within an existing Firebase project directory

[info] 
=== Project Setup
[info] 
[info] First, let's associate this project directory with a Firebase project.
[info] You can create multiple project aliases by running firebase use --add, 
[info] but for now we'll just set up a default project.
[info] 
[debug] [2022-03-09T09:13:27.132Z] Using project from CLI flag: planetofcyborgs
[debug] [2022-03-09T09:13:27.134Z] >>> [apiv2][query] GET https://firebase.googleapis.com/v1beta1/projects/planetofcyborgs [none]
[debug] [2022-03-09T09:13:28.189Z] <<< [apiv2][status] GET https://firebase.googleapis.com/v1beta1/projects/planetofcyborgs 200
[debug] [2022-03-09T09:13:28.189Z] <<< [apiv2][body] GET https://firebase.googleapis.com/v1beta1/projects/planetofcyborgs {"projectId":"planetofcyborgs","projectNumber":"673001463560","displayName":"PlanetOfCyborgs","name":"projects/planetofcyborgs","resources":{"hostingSite":"planetofcyborgs"},"state":"ACTIVE"}
[info] i  Using project planetofcyborgs (PlanetOfCyborgs) 
[info] 
=== Hosting Setup
[info] 
[info] Your public directory is the folder (relative to your project directory) that
[info] will contain Hosting assets to be uploaded with firebase deploy. If you
[info] have a build process for your assets, use your build's output directory.
[info] 
